<?xml version="1.0" encoding="UTF-8"?>
<testng-results ignored="0" total="6" passed="6" failed="0" skipped="0">
  <reporter-output>
  </reporter-output>
  <suite started-at="2025-03-26T12:06:27 EDT" name="Default suite" finished-at="2025-03-26T12:06:59 EDT" duration-ms="31613">
    <groups>
      <group name="cucumber">
        <method signature="AbstractTestNGCucumberTests.runScenario(io.cucumber.testng.PickleWrapper,io.cucumber.testng.FeatureWrapper)[pri:0, instance:testrunner.TestRunner_LMS@22fcf7ab]" name="runScenario" class="io.cucumber.testng.AbstractTestNGCucumberTests"/>
      </group> <!-- cucumber -->
    </groups>
    <test started-at="2025-03-26T12:06:27 EDT" name="Default test" finished-at="2025-03-26T12:06:59 EDT" duration-ms="31613">
      <class name="testrunner.TestRunner_LMS">
        <test-method is-config="true" signature="setUpClass(org.testng.ITestContext)[pri:0, instance:testrunner.TestRunner_LMS@22fcf7ab]" started-at="2025-03-26T12:06:27 EDT" name="setUpClass" finished-at="2025-03-26T12:06:30 EDT" duration-ms="3149" status="PASS">
          <params>
            <param index="0">
              <value>
                <![CDATA[org.testng.TestRunner@11f9b95a]]>
              </value>
            </param>
          </params>
          <reporter-output>
          </reporter-output>
        </test-method> <!-- setUpClass -->
        <test-method signature="runScenario(io.cucumber.testng.PickleWrapper,io.cucumber.testng.FeatureWrapper)[pri:0, instance:testrunner.TestRunner_LMS@22fcf7ab]" started-at="2025-03-26T12:06:30 EDT" name="runScenario" description="Runs Cucumber Scenarios" data-provider="scenarios" finished-at="2025-03-26T12:06:42 EDT" duration-ms="11458" status="PASS">
          <params>
            <param index="0">
              <value>
                <![CDATA["Check if Admin able to generate token with valid credential"]]>
              </value>
            </param>
            <param index="1">
              <value>
                <![CDATA["Login"]]>
              </value>
            </param>
          </params>
          <reporter-output>
          </reporter-output>
        </test-method> <!-- runScenario -->
        <test-method signature="runScenario(io.cucumber.testng.PickleWrapper,io.cucumber.testng.FeatureWrapper)[pri:0, instance:testrunner.TestRunner_LMS@22fcf7ab]" started-at="2025-03-26T12:06:42 EDT" name="runScenario" description="Runs Cucumber Scenarios" data-provider="scenarios" finished-at="2025-03-26T12:06:57 EDT" duration-ms="14791" status="PASS">
          <params>
            <param index="0">
              <value>
                <![CDATA["Check if admin able to retrieve all classes  with valid Endpoint"]]>
              </value>
            </param>
            <param index="1">
              <value>
                <![CDATA["Class feature"]]>
              </value>
            </param>
          </params>
          <reporter-output>
          </reporter-output>
        </test-method> <!-- runScenario -->
        <test-method signature="runScenario(io.cucumber.testng.PickleWrapper,io.cucumber.testng.FeatureWrapper)[pri:0, instance:testrunner.TestRunner_LMS@22fcf7ab]" started-at="2025-03-26T12:06:57 EDT" name="runScenario" description="Runs Cucumber Scenarios" data-provider="scenarios" finished-at="2025-03-26T12:06:57 EDT" duration-ms="420" status="PASS">
          <params>
            <param index="0">
              <value>
                <![CDATA["Check if admin able to delete a class with valid class ID DeleteClass_CSID"]]>
              </value>
            </param>
            <param index="1">
              <value>
                <![CDATA["Class feature"]]>
              </value>
            </param>
          </params>
          <reporter-output>
          </reporter-output>
        </test-method> <!-- runScenario -->
        <test-method signature="runScenario(io.cucumber.testng.PickleWrapper,io.cucumber.testng.FeatureWrapper)[pri:0, instance:testrunner.TestRunner_LMS@22fcf7ab]" started-at="2025-03-26T12:06:57 EDT" name="runScenario" description="Runs Cucumber Scenarios" data-provider="scenarios" finished-at="2025-03-26T12:06:57 EDT" duration-ms="260" status="PASS">
          <params>
            <param index="0">
              <value>
                <![CDATA["Check if admin able to delete a class with valid class ID DeleteClass_CSID"]]>
              </value>
            </param>
            <param index="1">
              <value>
                <![CDATA["Class feature"]]>
              </value>
            </param>
          </params>
          <reporter-output>
          </reporter-output>
        </test-method> <!-- runScenario -->
        <test-method signature="runScenario(io.cucumber.testng.PickleWrapper,io.cucumber.testng.FeatureWrapper)[pri:0, instance:testrunner.TestRunner_LMS@22fcf7ab]" started-at="2025-03-26T12:06:57 EDT" name="runScenario" description="Runs Cucumber Scenarios" data-provider="scenarios" finished-at="2025-03-26T12:06:58 EDT" duration-ms="931" status="PASS">
          <params>
            <param index="0">
              <value>
                <![CDATA["Check if admin able to delete a class with valid class ID DeleteClass_CSID"]]>
              </value>
            </param>
            <param index="1">
              <value>
                <![CDATA["Class feature"]]>
              </value>
            </param>
          </params>
          <reporter-output>
          </reporter-output>
        </test-method> <!-- runScenario -->
        <test-method signature="runScenario(io.cucumber.testng.PickleWrapper,io.cucumber.testng.FeatureWrapper)[pri:0, instance:testrunner.TestRunner_LMS@22fcf7ab]" started-at="2025-03-26T12:06:58 EDT" name="runScenario" description="Runs Cucumber Scenarios" data-provider="scenarios" finished-at="2025-03-26T12:06:58 EDT" duration-ms="273" status="PASS">
          <params>
            <param index="0">
              <value>
                <![CDATA["Check if admin able to delete a class with valid class ID DeleteClass_CSID"]]>
              </value>
            </param>
            <param index="1">
              <value>
                <![CDATA["Class feature"]]>
              </value>
            </param>
          </params>
          <reporter-output>
          </reporter-output>
        </test-method> <!-- runScenario -->
        <test-method is-config="true" signature="tearDownClass()[pri:0, instance:testrunner.TestRunner_LMS@22fcf7ab]" started-at="2025-03-26T12:06:58 EDT" name="tearDownClass" finished-at="2025-03-26T12:06:59 EDT" duration-ms="123" status="PASS">
          <reporter-output>
          </reporter-output>
        </test-method> <!-- tearDownClass -->
      </class> <!-- testrunner.TestRunner_LMS -->
    </test> <!-- Default test -->
  </suite> <!-- Default suite -->
</testng-results>
