<?xml version="1.0" encoding="UTF-8"?>
<!-- Generated by org.testng.reporters.JUnitReportReporter -->
<testsuite hostname="LAPTOP-B4J14E8O" failures="0" tests="6" name="testrunner.TestRunner_LMS" time="28.133" errors="0" timestamp="2025-03-26T12:06:59 EDT" skipped="0">
  <testcase classname="testrunner.TestRunner_LMS" name="runScenario" time="14.791"/>
  <testcase classname="testrunner.TestRunner_LMS" name="runScenario" time="0.273"/>
  <testcase classname="testrunner.TestRunner_LMS" name="runScenario" time="0.420"/>
  <testcase classname="testrunner.TestRunner_LMS" name="runScenario" time="0.260"/>
  <testcase classname="testrunner.TestRunner_LMS" name="runScenario" time="11.458"/>
  <testcase classname="testrunner.TestRunner_LMS" name="runScenario" time="0.931"/>
</testsuite> <!-- testrunner.TestRunner_LMS -->
